z:\ac\client_x64\x64\release\dllmain.obj
z:\ac\client_x64\x64\release\ctcpclient.obj
z:\ac\client_x64\x64\release\csyscall.obj
z:\ac\client_x64\x64\release\cmodule.obj
z:\ac\client_x64\x64\release\cmapper.obj
z:\ac\client_x64\x64\release\ccontroller.obj
z:\ac\client_x64\x64\release\cpackethandler.obj
z:\ac\client_x64\x64\release\packet.obj
z:\ac\client_x64\x64\release\clienthandler.obj
z:\ac\x64\release\client_x64.lib
z:\ac\x64\release\client_x64.exp
z:\ac\x64\release\client_x64.dll
z:\ac\client_x64\x64\release\client_x64.iobj
z:\ac\client_x64\x64\release\syscall.obj
z:\ac\client_x64\x64\release\client_x64.ipdb
z:\ac\client_x64\x64\release\client_x64.tlog\cl.command.1.tlog
z:\ac\client_x64\x64\release\client_x64.tlog\cl.items.tlog
z:\ac\client_x64\x64\release\client_x64.tlog\cl.read.1.tlog
z:\ac\client_x64\x64\release\client_x64.tlog\cl.write.1.tlog
z:\ac\client_x64\x64\release\client_x64.tlog\link.command.1.tlog
z:\ac\client_x64\x64\release\client_x64.tlog\link.read.1.tlog
z:\ac\client_x64\x64\release\client_x64.tlog\link.write.1.tlog
z:\ac\client_x64\x64\release\client_x64.tlog\link.write.2u.tlog
z:\ac\client_x64\x64\release\client_x64.tlog\masm.read.1u.tlog
z:\ac\client_x64\x64\release\client_x64.tlog\masm.write.1u.tlog
